13:49:13.832 [main] INFO  o.s.b.d.r.RestartApplicationListener - [onApplicationStartingEvent,79] - Restart disabled due to System property 'spring.devtools.restart.enabled' being set to false
13:58:14.345 [main] INFO  o.s.b.d.r.RestartApplicationListener - [onApplicationStartingEvent,79] - Restart disabled due to System property 'spring.devtools.restart.enabled' being set to false
14:02:33.541 [main] INFO  o.s.b.d.r.RestartApplicationListener - [onApplicationStartingEvent,79] - Restart disabled due to System property 'spring.devtools.restart.enabled' being set to false
14:16:36.143 [restartedMain] INFO  c.l.LuckyFrameWebApplication - [logStarting,50] - Starting LuckyFrameWebApplication on buffetdeMacBook-Pro.local with PID 818 (/Users/buffet/eclipse-workspace/LuckyFrameWeb-master/target/classes started by buffet in /Users/buffet/eclipse-workspace/LuckyFrameWeb-master)
14:16:36.148 [restartedMain] INFO  c.l.LuckyFrameWebApplication - [logStartupProfileInfo,679] - The following profiles are active: druid
14:16:38.322 [restartedMain] INFO  o.a.s.c.e.EhCacheManager - [getCache,158] - Cache with name 'com.luckyframe.framework.shiro.realm.UserRealm.authorizationCache' does not yet exist.  Creating now.
14:16:38.324 [restartedMain] INFO  o.a.s.c.e.EhCacheManager - [getCache,165] - Added EhCache named [com.luckyframe.framework.shiro.realm.UserRealm.authorizationCache]
14:16:39.365 [restartedMain] INFO  o.a.s.c.e.EhCacheManager - [getCache,169] - Using existing EHCache named [loginRecordCache]
14:16:40.167 [restartedMain] INFO  o.a.c.h.Http11NioProtocol - [log,173] - Initializing ProtocolHandler ["http-nio-80"]
14:16:40.183 [restartedMain] INFO  o.a.c.c.StandardService - [log,173] - Starting service [Tomcat]
14:16:40.184 [restartedMain] INFO  o.a.c.c.StandardEngine - [log,173] - Starting Servlet Engine: Apache Tomcat/9.0.13
14:16:40.194 [restartedMain] INFO  o.a.c.c.AprLifecycleListener - [log,173] - The APR based Apache Tomcat Native library which allows optimal performance in production environments was not found on the java.library.path: [/Users/buffet/Library/Java/Extensions:/Library/Java/Extensions:/Network/Library/Java/Extensions:/System/Library/Java/Extensions:/usr/lib/java:.]
14:16:40.301 [restartedMain] INFO  o.a.c.c.C.[.[.[/] - [log,173] - Initializing Spring embedded WebApplicationContext
14:16:40.721 [restartedMain] INFO  c.a.d.p.DruidDataSource - [init,930] - {dataSource-1} inited
14:16:40.787 [restartedMain] INFO  o.q.i.StdSchedulerFactory - [instantiate,1208] - Using default implementation for ThreadExecutor
14:16:40.829 [restartedMain] INFO  o.q.c.SchedulerSignalerImpl - [<init>,61] - Initialized Scheduler Signaller of type: class org.quartz.core.SchedulerSignalerImpl
14:16:40.830 [restartedMain] INFO  o.q.c.QuartzScheduler - [<init>,229] - Quartz Scheduler v.2.3.0 created.
14:32:41.640 [restartedMain] INFO  c.l.LuckyFrameWebApplication - [logStarting,50] - Starting LuckyFrameWebApplication on buffetdeMacBook-Pro.local with PID 830 (/Users/buffet/eclipse-workspace/LuckyFrameWeb-master/target/classes started by buffet in /Users/buffet/eclipse-workspace/LuckyFrameWeb-master)
14:32:41.647 [restartedMain] INFO  c.l.LuckyFrameWebApplication - [logStartupProfileInfo,679] - The following profiles are active: druid
14:32:44.484 [restartedMain] INFO  o.a.s.c.e.EhCacheManager - [getCache,158] - Cache with name 'com.luckyframe.framework.shiro.realm.UserRealm.authorizationCache' does not yet exist.  Creating now.
14:32:44.486 [restartedMain] INFO  o.a.s.c.e.EhCacheManager - [getCache,165] - Added EhCache named [com.luckyframe.framework.shiro.realm.UserRealm.authorizationCache]
14:32:45.630 [restartedMain] INFO  o.a.s.c.e.EhCacheManager - [getCache,169] - Using existing EHCache named [loginRecordCache]
14:32:46.765 [restartedMain] INFO  o.a.c.h.Http11NioProtocol - [log,173] - Initializing ProtocolHandler ["http-nio-80"]
14:32:46.777 [restartedMain] INFO  o.a.c.c.StandardService - [log,173] - Starting service [Tomcat]
14:32:46.777 [restartedMain] INFO  o.a.c.c.StandardEngine - [log,173] - Starting Servlet Engine: Apache Tomcat/9.0.13
14:32:46.791 [restartedMain] INFO  o.a.c.c.AprLifecycleListener - [log,173] - The APR based Apache Tomcat Native library which allows optimal performance in production environments was not found on the java.library.path: [/Users/buffet/Library/Java/Extensions:/Library/Java/Extensions:/Network/Library/Java/Extensions:/System/Library/Java/Extensions:/usr/lib/java:.]
14:32:46.913 [restartedMain] INFO  o.a.c.c.C.[.[.[/] - [log,173] - Initializing Spring embedded WebApplicationContext
14:32:48.835 [restartedMain] INFO  c.a.d.p.DruidDataSource - [init,930] - {dataSource-1} inited
14:32:48.903 [restartedMain] INFO  o.q.i.StdSchedulerFactory - [instantiate,1208] - Using default implementation for ThreadExecutor
14:32:48.929 [restartedMain] INFO  o.q.c.SchedulerSignalerImpl - [<init>,61] - Initialized Scheduler Signaller of type: class org.quartz.core.SchedulerSignalerImpl
14:32:48.930 [restartedMain] INFO  o.q.c.QuartzScheduler - [<init>,229] - Quartz Scheduler v.2.3.0 created.
14:32:48.937 [restartedMain] INFO  o.q.c.QuartzScheduler - [initialize,294] - Scheduler meta-data: Quartz Scheduler (v2.3.0) 'LuckyFrameScheduler' with instanceId 'buffetdeMacBook-Pro.local1580538768911'
  Scheduler class: 'org.quartz.core.QuartzScheduler' - running locally.
  NOT STARTED.
  Currently in standby mode.
  Number of jobs executed: 0
  Using thread pool 'org.quartz.simpl.SimpleThreadPool' - with 50 threads.
  Using job-store 'org.springframework.scheduling.quartz.LocalDataSourceJobStore' - which supports persistence. and is clustered.

14:32:48.937 [restartedMain] INFO  o.q.i.StdSchedulerFactory - [instantiate,1362] - Quartz scheduler 'LuckyFrameScheduler' initialized from an externally provided properties instance.
14:32:48.938 [restartedMain] INFO  o.q.i.StdSchedulerFactory - [instantiate,1366] - Quartz scheduler version: 2.3.0
14:32:48.939 [restartedMain] INFO  o.q.c.QuartzScheduler - [setJobFactory,2287] - JobFactory set to: org.springframework.scheduling.quartz.AdaptableJobFactory@5c254381
14:32:49.276 [restartedMain] INFO  o.q.c.QuartzScheduler - [shutdown,666] - Scheduler LuckyFrameScheduler_$_buffetdeMacBook-Pro.local1580538768911 shutting down.
14:32:49.276 [restartedMain] INFO  o.q.c.QuartzScheduler - [standby,585] - Scheduler LuckyFrameScheduler_$_buffetdeMacBook-Pro.local1580538768911 paused.
14:32:49.278 [restartedMain] INFO  o.q.c.QuartzScheduler - [shutdown,740] - Scheduler LuckyFrameScheduler_$_buffetdeMacBook-Pro.local1580538768911 shutdown complete.
14:32:49.278 [restartedMain] INFO  sys-user - [shutdownAsyncManager,56] - ====关闭后台任务任务线程池====
14:32:49.295 [restartedMain] INFO  c.a.d.p.DruidDataSource - [close,1825] - {dataSource-1} closed
14:32:49.300 [restartedMain] INFO  o.a.c.c.StandardService - [log,173] - Stopping service [Tomcat]
15:16:25.416 [restartedMain] INFO  c.l.LuckyFrameWebApplication - [logStarting,50] - Starting LuckyFrameWebApplication on buffetdeMacBook-Pro.local with PID 946 (/Users/buffet/eclipse-workspace/LuckyFrameWeb-master/target/classes started by buffet in /Users/buffet/eclipse-workspace/LuckyFrameWeb-master)
15:16:25.463 [restartedMain] INFO  c.l.LuckyFrameWebApplication - [logStartupProfileInfo,679] - The following profiles are active: druid
15:16:28.187 [restartedMain] INFO  o.a.s.c.e.EhCacheManager - [getCache,158] - Cache with name 'com.luckyframe.framework.shiro.realm.UserRealm.authorizationCache' does not yet exist.  Creating now.
15:16:28.188 [restartedMain] INFO  o.a.s.c.e.EhCacheManager - [getCache,165] - Added EhCache named [com.luckyframe.framework.shiro.realm.UserRealm.authorizationCache]
15:16:29.454 [restartedMain] INFO  o.a.s.c.e.EhCacheManager - [getCache,169] - Using existing EHCache named [loginRecordCache]
15:16:30.290 [restartedMain] INFO  o.a.c.h.Http11NioProtocol - [log,173] - Initializing ProtocolHandler ["http-nio-80"]
15:16:30.301 [restartedMain] INFO  o.a.c.c.StandardService - [log,173] - Starting service [Tomcat]
15:16:30.302 [restartedMain] INFO  o.a.c.c.StandardEngine - [log,173] - Starting Servlet Engine: Apache Tomcat/9.0.13
15:16:30.315 [restartedMain] INFO  o.a.c.c.AprLifecycleListener - [log,173] - The APR based Apache Tomcat Native library which allows optimal performance in production environments was not found on the java.library.path: [/Users/buffet/Library/Java/Extensions:/Library/Java/Extensions:/Network/Library/Java/Extensions:/System/Library/Java/Extensions:/usr/lib/java:.]
15:16:30.422 [restartedMain] INFO  o.a.c.c.C.[.[.[/] - [log,173] - Initializing Spring embedded WebApplicationContext
15:16:32.275 [restartedMain] INFO  c.a.d.p.DruidDataSource - [init,930] - {dataSource-1} inited
15:16:32.354 [restartedMain] INFO  o.q.i.StdSchedulerFactory - [instantiate,1208] - Using default implementation for ThreadExecutor
15:16:32.380 [restartedMain] INFO  o.q.c.SchedulerSignalerImpl - [<init>,61] - Initialized Scheduler Signaller of type: class org.quartz.core.SchedulerSignalerImpl
15:16:32.380 [restartedMain] INFO  o.q.c.QuartzScheduler - [<init>,229] - Quartz Scheduler v.2.3.0 created.
15:16:32.393 [restartedMain] INFO  o.q.c.QuartzScheduler - [initialize,294] - Scheduler meta-data: Quartz Scheduler (v2.3.0) 'LuckyFrameScheduler' with instanceId 'buffetdeMacBook-Pro.local1580541392358'
  Scheduler class: 'org.quartz.core.QuartzScheduler' - running locally.
  NOT STARTED.
  Currently in standby mode.
  Number of jobs executed: 0
  Using thread pool 'org.quartz.simpl.SimpleThreadPool' - with 50 threads.
  Using job-store 'org.springframework.scheduling.quartz.LocalDataSourceJobStore' - which supports persistence. and is clustered.

15:16:32.393 [restartedMain] INFO  o.q.i.StdSchedulerFactory - [instantiate,1362] - Quartz scheduler 'LuckyFrameScheduler' initialized from an externally provided properties instance.
15:16:32.394 [restartedMain] INFO  o.q.i.StdSchedulerFactory - [instantiate,1366] - Quartz scheduler version: 2.3.0
15:16:32.397 [restartedMain] INFO  o.q.c.QuartzScheduler - [setJobFactory,2287] - JobFactory set to: org.springframework.scheduling.quartz.AdaptableJobFactory@19d8b721
15:16:33.969 [restartedMain] INFO  s.d.s.w.PropertySourcedRequestMappingHandlerMapping - [initHandlerMethods,69] - Mapped URL path [/v2/api-docs] onto method [public org.springframework.http.ResponseEntity<springfox.documentation.spring.web.json.Json> springfox.documentation.swagger2.web.Swagger2Controller.getDocumentation(java.lang.String,javax.servlet.http.HttpServletRequest)]
15:16:34.673 [restartedMain] INFO  s.d.s.w.p.DocumentationPluginsBootstrapper - [start,147] - Context refreshed
15:16:34.696 [restartedMain] INFO  s.d.s.w.p.DocumentationPluginsBootstrapper - [start,150] - Found 1 custom documentation plugin(s)
15:16:34.781 [restartedMain] INFO  s.d.s.w.s.ApiListingReferenceScanner - [scan,41] - Scanning for api listing references
15:16:34.973 [restartedMain] INFO  o.a.c.h.Http11NioProtocol - [log,173] - Starting ProtocolHandler ["http-nio-80"]
15:16:35.003 [restartedMain] INFO  o.a.t.u.n.NioSelectorPool - [log,173] - Using a shared selector for servlet write/read
15:16:35.028 [restartedMain] INFO  c.l.LuckyFrameWebApplication - [logStarted,59] - Started LuckyFrameWebApplication in 10.254 seconds (JVM running for 10.91)
15:16:36.257 [Quartz Scheduler [LuckyFrameScheduler]] INFO  o.q.c.QuartzScheduler - [start,547] - Scheduler LuckyFrameScheduler_$_buffetdeMacBook-Pro.local1580541392358 started.
15:16:43.701 [http-nio-80-exec-1] INFO  o.a.c.c.C.[.[.[/] - [log,173] - Initializing Spring DispatcherServlet 'dispatcherServlet'
15:16:43.734 [http-nio-80-exec-1] INFO  o.a.s.s.m.AbstractValidatingSessionManager - [enableSessionValidation,233] - Enabling session validation scheduler...
15:16:43.768 [http-nio-80-exec-1] INFO  o.a.s.c.e.EhCacheManager - [getCache,158] - Cache with name 'shiro-activeSessionCache' does not yet exist.  Creating now.
15:16:43.769 [http-nio-80-exec-1] INFO  o.a.s.c.e.EhCacheManager - [getCache,165] - Added EhCache named [shiro-activeSessionCache]
15:16:44.740 [schedule-pool-1] INFO  c.l.f.s.w.s.OnlineWebSessionManager - [validateSessions,86] - invalidation sessions...
15:16:44.794 [schedule-pool-1] INFO  c.l.f.s.w.s.OnlineWebSessionManager - [validateSessions,145] - Finished invalidation session. No sessions were stopped.
15:21:32.439 [schedule-pool-1] INFO  sys-user - [run,108] - [127.0.0.1]内网IP[admin][Error][用户不存在/密码错误]
15:22:41.537 [schedule-pool-3] INFO  sys-user - [run,108] - [127.0.0.1]内网IP[admin][Success][登录成功]
